[0729/235414.885:ERROR:cache_util_win.cc(20)] Unable to move the cache: Access is denied. (0x5)
[0729/235414.885:ERROR:cache_util_win.cc(20)] Unable to move the cache: Access is denied. (0x5)
[0729/235414.887:ERROR:disk_cache.cc(205)] Unable to create cache
[0729/235414.887:ERROR:gpu_disk_cache.cc(673)] Gpu Cache Creation failed: -2
[0729/235414.887:ERROR:disk_cache.cc(205)] Unable to create cache
[0729/235414.887:ERROR:gpu_disk_cache.cc(673)] Gpu Cache Creation failed: -2
[0729/235415.523:INFO:CONSOLE(133)] "Event handler of 'x-storagemutated-1' event must be added on the initial evaluation of worker script.", source: https://static.whatsapp.net/rsrc.php/v3/yC/r/UdBDh7rDEG_.js?_nc_x=Ij3Wp8lg5Kz (133)
[0729/235415.904:INFO:CONSOLE(0)] "Error with Permissions-Policy header: Feature xr-spatial-tracking's parameters are ignored.", source:  (0)
[0729/235415.904:INFO:CONSOLE(0)] "Error with Permissions-Policy header: Origin trial controlled feature not enabled: 'attribution-reporting'.", source:  (0)
[0729/235415.906:INFO:CONSOLE(0)] "Error with Permissions-Policy header: Unrecognized feature: 'battery'.", source:  (0)
[0729/235415.906:INFO:CONSOLE(0)] "Error with Permissions-Policy header: Unrecognized feature: 'compute-pressure'.", source:  (0)
[0729/235415.906:INFO:CONSOLE(0)] "Error with Permissions-Policy header: Origin trial controlled feature not enabled: 'interest-cohort'.", source:  (0)
[0729/235415.906:INFO:CONSOLE(0)] "Error with Permissions-Policy header: Unrecognized feature: 'private-state-token-issuance'.", source:  (0)
[0729/235415.906:INFO:CONSOLE(0)] "Error with Permissions-Policy header: Origin trial controlled feature not enabled: 'shared-storage'.", source:  (0)
[0729/235415.906:INFO:CONSOLE(0)] "Error with Permissions-Policy header: Unrecognized feature: 'shared-storage-select-url'.", source:  (0)
[0729/235415.906:INFO:CONSOLE(0)] "Error with Permissions-Policy header: Unrecognized feature: 'private-state-token-redemption'.", source:  (0)
[0729/235415.906:INFO:CONSOLE(0)] "Error with Permissions-Policy header: Unrecognized feature: 'usb-unrestricted'.", source:  (0)
[0729/235415.906:INFO:CONSOLE(0)] "Error with Permissions-Policy header: Unrecognized feature: 'unload'.", source:  (0)
[0729/235415.906:INFO:CONSOLE(0)] "Error with Permissions-Policy header: Unrecognized feature: 'window-management'.", source:  (0)
[0729/235416.911:ERROR:cache_util_win.cc(20)] Unable to move the cache: Access is denied. (0x5)
[0729/235416.911:ERROR:disk_cache.cc(205)] Unable to create cache
[0729/235417.339:ERROR:cache_util_win.cc(20)] Unable to move the cache: Access is denied. (0x5)
[0729/235417.341:ERROR:disk_cache.cc(205)] Unable to create cache
[0729/235417.341:ERROR:gpu_disk_cache.cc(673)] Gpu Cache Creation failed: -2
[0729/235417.341:ERROR:cache_util_win.cc(20)] Unable to move the cache: Access is denied. (0x5)
[0729/235417.341:ERROR:disk_cache.cc(205)] Unable to create cache
[0729/235417.342:ERROR:gpu_disk_cache.cc(673)] Gpu Cache Creation failed: -2
[0729/235417.465:INFO:CONSOLE(0)] "Error with Permissions-Policy header: Feature xr-spatial-tracking's parameters are ignored.", source:  (0)
[0729/235417.465:INFO:CONSOLE(0)] "Error with Permissions-Policy header: Origin trial controlled feature not enabled: 'attribution-reporting'.", source:  (0)
[0729/235417.465:INFO:CONSOLE(0)] "Error with Permissions-Policy header: Unrecognized feature: 'battery'.", source:  (0)
[0729/235417.465:INFO:CONSOLE(0)] "Error with Permissions-Policy header: Unrecognized feature: 'compute-pressure'.", source:  (0)
[0729/235417.465:INFO:CONSOLE(0)] "Error with Permissions-Policy header: Origin trial controlled feature not enabled: 'interest-cohort'.", source:  (0)
[0729/235417.465:INFO:CONSOLE(0)] "Error with Permissions-Policy header: Unrecognized feature: 'private-state-token-issuance'.", source:  (0)
[0729/235417.465:INFO:CONSOLE(0)] "Error with Permissions-Policy header: Origin trial controlled feature not enabled: 'shared-storage'.", source:  (0)
[0729/235417.465:INFO:CONSOLE(0)] "Error with Permissions-Policy header: Unrecognized feature: 'shared-storage-select-url'.", source:  (0)
[0729/235417.465:INFO:CONSOLE(0)] "Error with Permissions-Policy header: Unrecognized feature: 'private-state-token-redemption'.", source:  (0)
[0729/235417.465:INFO:CONSOLE(0)] "Error with Permissions-Policy header: Unrecognized feature: 'usb-unrestricted'.", source:  (0)
[0729/235417.465:INFO:CONSOLE(0)] "Error with Permissions-Policy header: Unrecognized feature: 'unload'.", source:  (0)
[0729/235417.465:INFO:CONSOLE(0)] "Error with Permissions-Policy header: Unrecognized feature: 'window-management'.", source:  (0)
[0729/235417.923:ERROR:service_worker_storage.cc(1933)] Failed to delete the database: Database IO error
[0729/235420.221:INFO:CONSOLE(133)] "Event handler of 'x-storagemutated-1' event must be added on the initial evaluation of worker script.", source: https://static.whatsapp.net/rsrc.php/v3/yC/r/UdBDh7rDEG_.js?_nc_x=Ij3Wp8lg5Kz (133)
[0729/235424.030:ERROR:leveldb_factory.cc(88)] Failed to open LevelDB database from C:\.project\test\.wwebjs_auth\session\Default\IndexedDB\https_web.whatsapp.com_0.indexeddb.leveldb,IO error: C:\.project\test\.wwebjs_auth\session\Default\IndexedDB\https_web.whatsapp.com_0.indexeddb.leveldb/LOCK: File currently in use. (ChromeMethodBFE: 15::LockFile::2)
[0729/235426.047:ERROR:leveldb_factory.cc(88)] Failed to open LevelDB database from C:\.project\test\.wwebjs_auth\session\Default\IndexedDB\https_web.whatsapp.com_0.indexeddb.leveldb,IO error: C:\.project\test\.wwebjs_auth\session\Default\IndexedDB\https_web.whatsapp.com_0.indexeddb.leveldb/LOCK: File currently in use. (ChromeMethodBFE: 15::LockFile::2)
[0729/235428.077:ERROR:leveldb_factory.cc(88)] Failed to open LevelDB database from C:\.project\test\.wwebjs_auth\session\Default\IndexedDB\https_web.whatsapp.com_0.indexeddb.leveldb,IO error: C:\.project\test\.wwebjs_auth\session\Default\IndexedDB\https_web.whatsapp.com_0.indexeddb.leveldb/LOCK: File currently in use. (ChromeMethodBFE: 15::LockFile::2)
[0729/235430.101:ERROR:leveldb_factory.cc(88)] Failed to open LevelDB database from C:\.project\test\.wwebjs_auth\session\Default\IndexedDB\https_web.whatsapp.com_0.indexeddb.leveldb,IO error: C:\.project\test\.wwebjs_auth\session\Default\IndexedDB\https_web.whatsapp.com_0.indexeddb.leveldb/LOCK: File currently in use. (ChromeMethodBFE: 15::LockFile::2)
[0729/235432.125:ERROR:leveldb_factory.cc(88)] Failed to open LevelDB database from C:\.project\test\.wwebjs_auth\session\Default\IndexedDB\https_web.whatsapp.com_0.indexeddb.leveldb,IO error: C:\.project\test\.wwebjs_auth\session\Default\IndexedDB\https_web.whatsapp.com_0.indexeddb.leveldb/LOCK: File currently in use. (ChromeMethodBFE: 15::LockFile::2)
[0729/235434.151:ERROR:leveldb_factory.cc(88)] Failed to open LevelDB database from C:\.project\test\.wwebjs_auth\session\Default\IndexedDB\https_web.whatsapp.com_0.indexeddb.leveldb,IO error: C:\.project\test\.wwebjs_auth\session\Default\IndexedDB\https_web.whatsapp.com_0.indexeddb.leveldb/LOCK: File currently in use. (ChromeMethodBFE: 15::LockFile::2)
[0729/235436.177:ERROR:leveldb_factory.cc(88)] Failed to open LevelDB database from C:\.project\test\.wwebjs_auth\session\Default\IndexedDB\https_web.whatsapp.com_0.indexeddb.leveldb,IO error: C:\.project\test\.wwebjs_auth\session\Default\IndexedDB\https_web.whatsapp.com_0.indexeddb.leveldb/LOCK: File currently in use. (ChromeMethodBFE: 15::LockFile::2)
[0729/235438.208:ERROR:leveldb_factory.cc(88)] Failed to open LevelDB database from C:\.project\test\.wwebjs_auth\session\Default\IndexedDB\https_web.whatsapp.com_0.indexeddb.leveldb,IO error: C:\.project\test\.wwebjs_auth\session\Default\IndexedDB\https_web.whatsapp.com_0.indexeddb.leveldb/LOCK: File currently in use. (ChromeMethodBFE: 15::LockFile::2)
[0729/235440.232:ERROR:leveldb_factory.cc(88)] Failed to open LevelDB database from C:\.project\test\.wwebjs_auth\session\Default\IndexedDB\https_web.whatsapp.com_0.indexeddb.leveldb,IO error: C:\.project\test\.wwebjs_auth\session\Default\IndexedDB\https_web.whatsapp.com_0.indexeddb.leveldb/LOCK: File currently in use. (ChromeMethodBFE: 15::LockFile::2)
